{"D:\\Estudo\\GAMA_PROJETO_FINAL\\noName\\BACK\\MVP_BACK\\src\\models\\Categorie.ts": {"path":"D:\\Estudo\\GAMA_PROJETO_FINAL\\noName\\BACK\\MVP_BACK\\src\\models\\Categorie.ts","statementMap":{"0":{"start":{"line":5,"column":0},"end":{"line":5,"column":41}},"1":{"start":{"line":14,"column":23},"end":{"line":23,"column":null}},"2":{"start":{"line":27,"column":18},"end":{"line":27,"column":65}},"3":{"start":{"line":29,"column":0},"end":{"line":29,"column":25}}},"fnMap":{},"branchMap":{},"s":{"0":3,"1":3,"2":3,"3":3},"f":{},"b":{}}
,"D:\\Estudo\\GAMA_PROJETO_FINAL\\noName\\BACK\\MVP_BACK\\src\\models\\Order.ts": {"path":"D:\\Estudo\\GAMA_PROJETO_FINAL\\noName\\BACK\\MVP_BACK\\src\\models\\Order.ts","statementMap":{"0":{"start":{"line":5,"column":0},"end":{"line":5,"column":41}},"1":{"start":{"line":33,"column":27},"end":{"line":64,"column":null}},"2":{"start":{"line":67,"column":14},"end":{"line":67,"column":56}},"3":{"start":{"line":69,"column":0},"end":{"line":69,"column":21}}},"fnMap":{},"branchMap":{},"s":{"0":3,"1":3,"2":3,"3":3},"f":{},"b":{}}
,"D:\\Estudo\\GAMA_PROJETO_FINAL\\noName\\BACK\\MVP_BACK\\src\\models\\Product.ts": {"path":"D:\\Estudo\\GAMA_PROJETO_FINAL\\noName\\BACK\\MVP_BACK\\src\\models\\Product.ts","statementMap":{"0":{"start":{"line":6,"column":0},"end":{"line":6,"column":41}},"1":{"start":{"line":42,"column":22},"end":{"line":78,"column":null}},"2":{"start":{"line":81,"column":16},"end":{"line":81,"column":57}},"3":{"start":{"line":83,"column":0},"end":{"line":83,"column":23}}},"fnMap":{},"branchMap":{},"s":{"0":3,"1":3,"2":3,"3":3},"f":{},"b":{}}
,"D:\\Estudo\\GAMA_PROJETO_FINAL\\noName\\BACK\\MVP_BACK\\src\\models\\User.ts": {"path":"D:\\Estudo\\GAMA_PROJETO_FINAL\\noName\\BACK\\MVP_BACK\\src\\models\\User.ts","statementMap":{"0":{"start":{"line":5,"column":0},"end":{"line":5,"column":39}},"1":{"start":{"line":29,"column":19},"end":{"line":51,"column":2}},"2":{"start":{"line":53,"column":13},"end":{"line":53,"column":45}},"3":{"start":{"line":55,"column":0},"end":{"line":55,"column":20}}},"fnMap":{},"branchMap":{},"s":{"0":3,"1":3,"2":3,"3":3},"f":{},"b":{}}
,"D:\\Estudo\\GAMA_PROJETO_FINAL\\noName\\BACK\\MVP_BACK\\src\\models\\index.ts": {"path":"D:\\Estudo\\GAMA_PROJETO_FINAL\\noName\\BACK\\MVP_BACK\\src\\models\\index.ts","statementMap":{"0":{"start":{"line":1,"column":0},"end":{"line":1,"column":7}},"1":{"start":{"line":6,"column":9},"end":{"line":1,"column":26}},"2":{"start":{"line":2,"column":0},"end":{"line":2,"column":7}},"3":{"start":{"line":6,"column":15},"end":{"line":2,"column":32}},"4":{"start":{"line":3,"column":0},"end":{"line":3,"column":7}},"5":{"start":{"line":6,"column":24},"end":{"line":3,"column":28}},"6":{"start":{"line":4,"column":0},"end":{"line":4,"column":7}},"7":{"start":{"line":6,"column":31},"end":{"line":4,"column":36}}},"fnMap":{},"branchMap":{},"s":{"0":3,"1":3,"2":3,"3":3,"4":3,"5":3,"6":3,"7":3},"f":{},"b":{}}
,"D:\\Estudo\\GAMA_PROJETO_FINAL\\noName\\BACK\\MVP_BACK\\src\\modules\\Order\\tests\\order-testes.ts": {"path":"D:\\Estudo\\GAMA_PROJETO_FINAL\\noName\\BACK\\MVP_BACK\\src\\modules\\Order\\tests\\order-testes.ts","statementMap":{"0":{"start":{"line":1,"column":0},"end":{"line":1,"column":32}},"1":{"start":{"line":2,"column":0},"end":{"line":2,"column":40}},"2":{"start":{"line":6,"column":4},"end":{"line":6,"column":31}},"3":{"start":{"line":10,"column":4},"end":{"line":12,"column":null}},"4":{"start":{"line":11,"column":6},"end":{"line":11,"column":null}},"5":{"start":{"line":13,"column":18},"end":{"line":13,"column":80}},"6":{"start":{"line":14,"column":4},"end":{"line":14,"column":17}},"7":{"start":{"line":18,"column":4},"end":{"line":20,"column":null}},"8":{"start":{"line":19,"column":6},"end":{"line":19,"column":null}},"9":{"start":{"line":21,"column":4},"end":{"line":21,"column":30}},"10":{"start":{"line":25,"column":4},"end":{"line":25,"column":24}},"11":{"start":{"line":29,"column":0},"end":{"line":29,"column":28}}},"fnMap":{"0":{"name":"(anonymous_8)","decl":{"start":{"line":5,"column":8},"end":{"line":5,"column":14}},"loc":{"start":{"line":5,"column":25},"end":{"line":7,"column":null}}},"1":{"name":"(anonymous_10)","decl":{"start":{"line":9,"column":8},"end":{"line":9,"column":14}},"loc":{"start":{"line":9,"column":44},"end":{"line":15,"column":null}}},"2":{"name":"(anonymous_12)","decl":{"start":{"line":17,"column":8},"end":{"line":17,"column":15}},"loc":{"start":{"line":17,"column":26},"end":{"line":22,"column":null}}},"3":{"name":"(anonymous_14)","decl":{"start":{"line":24,"column":8},"end":{"line":24,"column":15}},"loc":{"start":{"line":24,"column":15},"end":{"line":26,"column":null}}}},"branchMap":{"0":{"loc":{"start":{"line":10,"column":4},"end":{"line":12,"column":null}},"type":"if","locations":[{"start":{"line":10,"column":4},"end":{"line":12,"column":null}}]},"1":{"loc":{"start":{"line":18,"column":4},"end":{"line":20,"column":null}},"type":"if","locations":[{"start":{"line":18,"column":4},"end":{"line":20,"column":null}}]}},"s":{"0":1,"1":1,"2":1,"3":2,"4":1,"5":1,"6":1,"7":2,"8":0,"9":2,"10":1,"11":1},"f":{"0":1,"1":2,"2":2,"3":1},"b":{"0":[1],"1":[0]}}
,"D:\\Estudo\\GAMA_PROJETO_FINAL\\noName\\BACK\\MVP_BACK\\src\\modules\\Product\\tests\\product-test.ts": {"path":"D:\\Estudo\\GAMA_PROJETO_FINAL\\noName\\BACK\\MVP_BACK\\src\\modules\\Product\\tests\\product-test.ts","statementMap":{"0":{"start":{"line":1,"column":0},"end":{"line":1,"column":42}},"1":{"start":{"line":2,"column":0},"end":{"line":2,"column":32}},"2":{"start":{"line":6,"column":4},"end":{"line":6,"column":35}},"3":{"start":{"line":10,"column":4},"end":{"line":12,"column":null}},"4":{"start":{"line":11,"column":6},"end":{"line":11,"column":null}},"5":{"start":{"line":13,"column":17},"end":{"line":13,"column":83}},"6":{"start":{"line":14,"column":4},"end":{"line":14,"column":16}},"7":{"start":{"line":18,"column":4},"end":{"line":20,"column":null}},"8":{"start":{"line":19,"column":6},"end":{"line":19,"column":null}},"9":{"start":{"line":21,"column":4},"end":{"line":21,"column":32}},"10":{"start":{"line":25,"column":4},"end":{"line":25,"column":26}},"11":{"start":{"line":29,"column":0},"end":{"line":29,"column":30}}},"fnMap":{"0":{"name":"(anonymous_8)","decl":{"start":{"line":5,"column":8},"end":{"line":5,"column":14}},"loc":{"start":{"line":5,"column":27},"end":{"line":7,"column":null}}},"1":{"name":"(anonymous_10)","decl":{"start":{"line":9,"column":8},"end":{"line":9,"column":14}},"loc":{"start":{"line":9,"column":46},"end":{"line":15,"column":null}}},"2":{"name":"(anonymous_12)","decl":{"start":{"line":17,"column":8},"end":{"line":17,"column":15}},"loc":{"start":{"line":17,"column":26},"end":{"line":22,"column":null}}},"3":{"name":"(anonymous_14)","decl":{"start":{"line":24,"column":8},"end":{"line":24,"column":15}},"loc":{"start":{"line":24,"column":15},"end":{"line":26,"column":null}}}},"branchMap":{"0":{"loc":{"start":{"line":10,"column":4},"end":{"line":12,"column":null}},"type":"if","locations":[{"start":{"line":10,"column":4},"end":{"line":12,"column":null}}]},"1":{"loc":{"start":{"line":18,"column":4},"end":{"line":20,"column":null}},"type":"if","locations":[{"start":{"line":18,"column":4},"end":{"line":20,"column":null}}]}},"s":{"0":1,"1":1,"2":1,"3":1,"4":0,"5":1,"6":1,"7":3,"8":1,"9":2,"10":1,"11":1},"f":{"0":1,"1":1,"2":3,"3":1},"b":{"0":[0],"1":[1]}}
,"D:\\Estudo\\GAMA_PROJETO_FINAL\\noName\\BACK\\MVP_BACK\\src\\modules\\User\\tests\\user-test.ts": {"path":"D:\\Estudo\\GAMA_PROJETO_FINAL\\noName\\BACK\\MVP_BACK\\src\\modules\\User\\tests\\user-test.ts","statementMap":{"0":{"start":{"line":1,"column":0},"end":{"line":1,"column":32}},"1":{"start":{"line":2,"column":0},"end":{"line":2,"column":39}},"2":{"start":{"line":6,"column":4},"end":{"line":6,"column":29}},"3":{"start":{"line":11,"column":4},"end":{"line":13,"column":null}},"4":{"start":{"line":12,"column":6},"end":{"line":12,"column":null}},"5":{"start":{"line":14,"column":17},"end":{"line":14,"column":77}},"6":{"start":{"line":15,"column":4},"end":{"line":15,"column":16}},"7":{"start":{"line":19,"column":4},"end":{"line":19,"column":29}},"8":{"start":{"line":23,"column":4},"end":{"line":23,"column":23}},"9":{"start":{"line":27,"column":0},"end":{"line":27,"column":27}}},"fnMap":{"0":{"name":"(anonymous_8)","decl":{"start":{"line":5,"column":8},"end":{"line":5,"column":14}},"loc":{"start":{"line":5,"column":24},"end":{"line":7,"column":null}}},"1":{"name":"(anonymous_10)","decl":{"start":{"line":9,"column":8},"end":{"line":9,"column":14}},"loc":{"start":{"line":9,"column":43},"end":{"line":16,"column":null}}},"2":{"name":"(anonymous_12)","decl":{"start":{"line":18,"column":8},"end":{"line":18,"column":15}},"loc":{"start":{"line":18,"column":26},"end":{"line":20,"column":null}}},"3":{"name":"(anonymous_14)","decl":{"start":{"line":22,"column":8},"end":{"line":22,"column":15}},"loc":{"start":{"line":22,"column":15},"end":{"line":24,"column":null}}}},"branchMap":{"0":{"loc":{"start":{"line":11,"column":4},"end":{"line":13,"column":null}},"type":"if","locations":[{"start":{"line":11,"column":4},"end":{"line":13,"column":null}}]}},"s":{"0":1,"1":1,"2":1,"3":3,"4":1,"5":2,"6":2,"7":1,"8":1,"9":1},"f":{"0":1,"1":3,"2":1,"3":1},"b":{"0":[1]}}
,"D:\\Estudo\\GAMA_PROJETO_FINAL\\noName\\BACK\\MVP_BACK\\src\\shared\\repositories\\User\\TestRoutes.ts": {"path":"D:\\Estudo\\GAMA_PROJETO_FINAL\\noName\\BACK\\MVP_BACK\\src\\shared\\repositories\\User\\TestRoutes.ts","statementMap":{"0":{"start":{"line":1,"column":0},"end":{"line":1,"column":53}},"1":{"start":{"line":3,"column":14},"end":{"line":3,"column":23}},"2":{"start":{"line":5,"column":0},"end":{"line":7,"column":3}},"3":{"start":{"line":6,"column":2},"end":{"line":6,"column":54}},"4":{"start":{"line":8,"column":0},"end":{"line":11,"column":3}},"5":{"start":{"line":9,"column":17},"end":{"line":9,"column":30}},"6":{"start":{"line":10,"column":2},"end":{"line":10,"column":50}},"7":{"start":{"line":12,"column":0},"end":{"line":14,"column":3}},"8":{"start":{"line":13,"column":2},"end":{"line":13,"column":61}},"9":{"start":{"line":16,"column":0},"end":{"line":19,"column":3}},"10":{"start":{"line":17,"column":17},"end":{"line":17,"column":30}},"11":{"start":{"line":18,"column":2},"end":{"line":18,"column":60}},"12":{"start":{"line":21,"column":0},"end":{"line":21,"column":21}}},"fnMap":{"0":{"name":"(anonymous_1)","decl":{"start":{"line":5,"column":23},"end":{"line":5,"column":24}},"loc":{"start":{"line":5,"column":55},"end":{"line":7,"column":1}}},"1":{"name":"(anonymous_2)","decl":{"start":{"line":8,"column":26},"end":{"line":8,"column":27}},"loc":{"start":{"line":8,"column":58},"end":{"line":11,"column":1}}},"2":{"name":"(anonymous_3)","decl":{"start":{"line":12,"column":25},"end":{"line":12,"column":26}},"loc":{"start":{"line":12,"column":57},"end":{"line":14,"column":1}}},"3":{"name":"(anonymous_4)","decl":{"start":{"line":16,"column":26},"end":{"line":16,"column":27}},"loc":{"start":{"line":16,"column":58},"end":{"line":19,"column":1}}}},"branchMap":{},"s":{"0":1,"1":1,"2":1,"3":1,"4":1,"5":0,"6":0,"7":1,"8":1,"9":1,"10":1,"11":1,"12":1},"f":{"0":1,"1":0,"2":1,"3":1},"b":{}}
,"D:\\Estudo\\GAMA_PROJETO_FINAL\\noName\\BACK\\MVP_BACK\\src\\shared\\repositories\\order\\OrderRoutes.ts": {"path":"D:\\Estudo\\GAMA_PROJETO_FINAL\\noName\\BACK\\MVP_BACK\\src\\shared\\repositories\\order\\OrderRoutes.ts","statementMap":{"0":{"start":{"line":1,"column":0},"end":{"line":1,"column":53}},"1":{"start":{"line":3,"column":14},"end":{"line":3,"column":23}},"2":{"start":{"line":5,"column":0},"end":{"line":7,"column":3}},"3":{"start":{"line":6,"column":2},"end":{"line":6,"column":55}},"4":{"start":{"line":8,"column":0},"end":{"line":11,"column":3}},"5":{"start":{"line":9,"column":18},"end":{"line":9,"column":36}},"6":{"start":{"line":10,"column":2},"end":{"line":10,"column":49}},"7":{"start":{"line":12,"column":0},"end":{"line":15,"column":5}},"8":{"start":{"line":13,"column":20},"end":{"line":13,"column":38}},"9":{"start":{"line":14,"column":4},"end":{"line":14,"column":61}},"10":{"start":{"line":16,"column":0},"end":{"line":18,"column":3}},"11":{"start":{"line":17,"column":2},"end":{"line":17,"column":62}},"12":{"start":{"line":22,"column":0},"end":{"line":22,"column":21}}},"fnMap":{"0":{"name":"(anonymous_1)","decl":{"start":{"line":5,"column":21},"end":{"line":5,"column":22}},"loc":{"start":{"line":5,"column":53},"end":{"line":7,"column":1}}},"1":{"name":"(anonymous_2)","decl":{"start":{"line":8,"column":30},"end":{"line":8,"column":31}},"loc":{"start":{"line":8,"column":62},"end":{"line":11,"column":1}}},"2":{"name":"(anonymous_3)","decl":{"start":{"line":12,"column":29},"end":{"line":12,"column":30}},"loc":{"start":{"line":12,"column":61},"end":{"line":15,"column":3}}},"3":{"name":"(anonymous_4)","decl":{"start":{"line":16,"column":22},"end":{"line":16,"column":23}},"loc":{"start":{"line":16,"column":54},"end":{"line":18,"column":1}}}},"branchMap":{},"s":{"0":1,"1":1,"2":1,"3":1,"4":1,"5":0,"6":0,"7":1,"8":1,"9":1,"10":1,"11":1,"12":1},"f":{"0":1,"1":0,"2":1,"3":1},"b":{}}
,"D:\\Estudo\\GAMA_PROJETO_FINAL\\noName\\BACK\\MVP_BACK\\src\\shared\\repositories\\product\\ProdRoutes.ts": {"path":"D:\\Estudo\\GAMA_PROJETO_FINAL\\noName\\BACK\\MVP_BACK\\src\\shared\\repositories\\product\\ProdRoutes.ts","statementMap":{"0":{"start":{"line":1,"column":0},"end":{"line":1,"column":53}},"1":{"start":{"line":3,"column":14},"end":{"line":3,"column":23}},"2":{"start":{"line":5,"column":0},"end":{"line":7,"column":3}},"3":{"start":{"line":6,"column":2},"end":{"line":6,"column":57}},"4":{"start":{"line":8,"column":0},"end":{"line":11,"column":3}},"5":{"start":{"line":9,"column":20},"end":{"line":9,"column":33}},"6":{"start":{"line":10,"column":2},"end":{"line":10,"column":66}},"7":{"start":{"line":12,"column":0},"end":{"line":15,"column":3}},"8":{"start":{"line":13,"column":20},"end":{"line":13,"column":33}},"9":{"start":{"line":14,"column":2},"end":{"line":14,"column":66}},"10":{"start":{"line":16,"column":0},"end":{"line":18,"column":3}},"11":{"start":{"line":17,"column":2},"end":{"line":17,"column":67}},"12":{"start":{"line":20,"column":0},"end":{"line":20,"column":21}}},"fnMap":{"0":{"name":"(anonymous_1)","decl":{"start":{"line":5,"column":24},"end":{"line":5,"column":25}},"loc":{"start":{"line":5,"column":56},"end":{"line":7,"column":1}}},"1":{"name":"(anonymous_2)","decl":{"start":{"line":8,"column":26},"end":{"line":8,"column":27}},"loc":{"start":{"line":8,"column":58},"end":{"line":11,"column":1}}},"2":{"name":"(anonymous_3)","decl":{"start":{"line":12,"column":26},"end":{"line":12,"column":27}},"loc":{"start":{"line":12,"column":58},"end":{"line":15,"column":1}}},"3":{"name":"(anonymous_4)","decl":{"start":{"line":16,"column":26},"end":{"line":16,"column":27}},"loc":{"start":{"line":16,"column":58},"end":{"line":18,"column":1}}}},"branchMap":{},"s":{"0":1,"1":1,"2":1,"3":1,"4":1,"5":0,"6":0,"7":1,"8":1,"9":1,"10":1,"11":1,"12":1},"f":{"0":1,"1":0,"2":1,"3":1},"b":{}}
}
