TN:
SF:src\models\Categorie.ts
FNF:0
FNH:0
DA:5,3
DA:14,3
DA:27,3
DA:29,3
LF:4
LH:4
BRF:0
BRH:0
end_of_record
TN:
SF:src\models\Order.ts
FNF:0
FNH:0
DA:5,3
DA:33,3
DA:67,3
DA:69,3
LF:4
LH:4
BRF:0
BRH:0
end_of_record
TN:
SF:src\models\Product.ts
FNF:0
FNH:0
DA:6,3
DA:42,3
DA:81,3
DA:83,3
LF:4
LH:4
BRF:0
BRH:0
end_of_record
TN:
SF:src\models\ShoppingCart.ts
FNF:0
FNH:0
DA:6,3
DA:20,3
DA:37,3
DA:39,3
LF:4
LH:4
BRF:0
BRH:0
end_of_record
TN:
SF:src\models\User.ts
FNF:0
FNH:0
DA:5,3
DA:29,3
DA:51,3
DA:53,3
LF:4
LH:4
BRF:0
BRH:0
end_of_record
TN:
SF:src\models\index.ts
FNF:0
FNH:0
DA:1,3
DA:2,3
DA:3,3
DA:4,3
DA:5,3
DA:7,3
LF:6
LH:6
BRF:0
BRH:0
end_of_record
TN:
SF:src\modules\Order\tests\order-testes.ts
FN:4,(anonymous_7)
FN:8,(anonymous_9)
FN:13,(anonymous_11)
FN:17,(anonymous_13)
FNF:4
FNH:3
FNDA:1,(anonymous_7)
FNDA:1,(anonymous_9)
FNDA:1,(anonymous_11)
FNDA:0,(anonymous_13)
DA:1,1
DA:5,1
DA:9,1
DA:10,0
DA:14,1
DA:18,0
DA:22,1
LF:7
LH:5
BRF:0
BRH:0
end_of_record
TN:
SF:src\modules\Product\tests\product-test.ts
FN:4,(anonymous_7)
FN:8,(anonymous_9)
FN:13,(anonymous_11)
FN:17,(anonymous_13)
FNF:4
FNH:3
FNDA:1,(anonymous_7)
FNDA:1,(anonymous_9)
FNDA:1,(anonymous_11)
FNDA:0,(anonymous_13)
DA:1,1
DA:5,1
DA:9,1
DA:10,0
DA:14,1
DA:18,0
DA:22,1
LF:7
LH:5
BRF:0
BRH:0
end_of_record
TN:
SF:src\modules\User\tests\user-test.ts
FN:5,(anonymous_8)
FN:9,(anonymous_10)
FN:18,(anonymous_12)
FN:22,(anonymous_14)
FNF:4
FNH:4
FNDA:1,(anonymous_8)
FNDA:3,(anonymous_10)
FNDA:1,(anonymous_12)
FNDA:1,(anonymous_14)
DA:1,1
DA:2,1
DA:6,1
DA:11,3
DA:12,1
DA:14,2
DA:15,2
DA:19,1
DA:23,1
DA:27,1
LF:10
LH:10
BRDA:11,0,0,1
BRF:1
BRH:1
end_of_record
TN:
SF:src\shared\repositories\User\TestRoutes.ts
FN:5,(anonymous_1)
FN:8,(anonymous_2)
FN:12,(anonymous_3)
FN:16,(anonymous_4)
FNF:4
FNH:3
FNDA:1,(anonymous_1)
FNDA:0,(anonymous_2)
FNDA:1,(anonymous_3)
FNDA:1,(anonymous_4)
DA:1,1
DA:3,1
DA:5,1
DA:6,1
DA:8,1
DA:9,0
DA:10,0
DA:12,1
DA:13,1
DA:16,1
DA:17,1
DA:18,1
DA:21,1
LF:13
LH:11
BRF:0
BRH:0
end_of_record
